<?xml version="1.0" encoding="UTF-8"?>
<!-- Generated by org.testng.reporters.JUnitReportReporter -->
<testsuite hostname="MONSTER-IDEAPAD5" failures="0" tests="3" name="com.comcast.scm.smokeTest.RetailerSmokeTest" time="17.549" errors="0" timestamp="2024-08-14T13:19:19 IST" skipped="1">
  <testcase classname="com.comcast.scm.smokeTest.RetailerSmokeTest" name="ratailerLoginTest" time="8.913"/>
  <testcase classname="com.comcast.scm.smokeTest.RetailerSmokeTest" name="retailerAddNewOrderTest" time="8.636"/>
  <testcase classname="com.comcast.scm.smokeTest.RetailerSmokeTest" name="retailerPostNewOrder">
    <skipped/>
  </testcase> <!-- retailerPostNewOrder -->
</testsuite> <!-- com.comcast.scm.smokeTest.RetailerSmokeTest -->
