<?xml version="1.0" encoding="UTF-8"?>
<!-- Generated by org.testng.reporters.JUnitReportReporter -->
<testsuite hostname="MONSTER-IDEAPAD5" failures="0" tests="3" name="com.comcast.scm.EndToEndTest.AdminAddManRetailDistruburorTest" time="11.011" errors="0" timestamp="2024-08-14T12:51:08 IST" skipped="0">
  <testcase classname="com.comcast.scm.EndToEndTest.AdminAddManRetailDistruburorTest" name="adminAddDistributorTest" time="6.707"/>
  <testcase classname="com.comcast.scm.EndToEndTest.AdminAddManRetailDistruburorTest" name="adminAddRetailerTest" time="2.241"/>
  <testcase classname="com.comcast.scm.EndToEndTest.AdminAddManRetailDistruburorTest" name="admincreatingManufacturer" time="2.063"/>
</testsuite> <!-- com.comcast.scm.EndToEndTest.AdminAddManRetailDistruburorTest -->
