<?xml version="1.0" encoding="UTF-8"?>
<!-- Generated by org.testng.reporters.JUnitReportReporter -->
<testsuite hostname="MONSTER-IDEAPAD5" failures="0" tests="1" name="com.comcast.scm.FunctionalTest.DropDownOrdersAdminPageTest" time="5.064" errors="0" timestamp="2024-08-11T21:21:53 IST" skipped="0">
  <testcase classname="com.comcast.scm.FunctionalTest.DropDownOrdersAdminPageTest" name="DropdownOptionsNotSelectable" time="5.064"/>
</testsuite> <!-- com.comcast.scm.FunctionalTest.DropDownOrdersAdminPageTest -->
