<?xml version="1.0" encoding="UTF-8"?>
<!-- Generated by org.testng.reporters.JUnitReportReporter -->
<testsuite hostname="MONSTER-IDEAPAD5" failures="0" tests="1" name="com.comcast.scm.IntegartionTest.AdminRelatedIntegrationTest" time="9.866" errors="0" timestamp="2024-08-12T22:00:16 IST" skipped="0">
  <testcase classname="com.comcast.scm.IntegartionTest.AdminRelatedIntegrationTest" name="adminAddDistributorDisplayinAdminList" time="9.866"/>
</testsuite> <!-- com.comcast.scm.IntegartionTest.AdminRelatedIntegrationTest -->
