<?xml version="1.0" encoding="UTF-8"?>
<!-- Generated by org.testng.reporters.JUnitReportReporter -->
<testsuite hostname="MONSTER-IDEAPAD5" failures="0" tests="1" name="com.comcast.scm.smokeTest.SmokeTest" time="9.207" errors="0" timestamp="2024-08-11T11:45:43 IST" skipped="0">
  <testcase classname="com.comcast.scm.smokeTest.SmokeTest" name="adminAddRetailerTest" time="9.207"/>
</testsuite> <!-- com.comcast.scm.smokeTest.SmokeTest -->
