<?xml version="1.0" encoding="UTF-8"?>
<!-- Generated by org.testng.reporters.JUnitReportReporter -->
<testsuite hostname="MONSTER-IDEAPAD5" failures="0" tests="1" name="com.scm.comcast.AdminTest.AdminTest" time="7.109" errors="0" timestamp="2024-07-21T00:38:42 IST" skipped="0">
  <testcase classname="com.scm.comcast.AdminTest.AdminTest" name="loginAdminTest" time="7.109"/>
</testsuite> <!-- com.scm.comcast.AdminTest.AdminTest -->
