<?xml version="1.0" encoding="UTF-8"?>
<!-- Generated by org.testng.reporters.JUnitReportReporter -->
<testsuite hostname="MONSTER-IDEAPAD5" failures="0" tests="4" name="com.comcast.scm.IntegartionTest.ManufacturerAddProductIntegartion" time="424.128" errors="0" timestamp="2024-08-12T20:33:04 IST" skipped="0">
  <testcase classname="com.comcast.scm.IntegartionTest.ManufacturerAddProductIntegartion" name="manufacturerUpadteProductDisplayInProductList" time="102.339"/>
  <testcase classname="com.comcast.scm.IntegartionTest.ManufacturerAddProductIntegartion" name="addproductinManufactrePage" time="104.088"/>
  <testcase classname="com.comcast.scm.IntegartionTest.ManufacturerAddProductIntegartion" name="manProductDisplayRetailerProductList" time="112.420"/>
  <testcase classname="com.comcast.scm.IntegartionTest.ManufacturerAddProductIntegartion" name="productaddByManufacturerDisplayInAdminPageProductListTest" time="105.281"/>
</testsuite> <!-- com.comcast.scm.IntegartionTest.ManufacturerAddProductIntegartion -->
