<?xml version="1.0" encoding="UTF-8"?>
<!-- Generated by org.testng.reporters.JUnitReportReporter -->
<testsuite hostname="MONSTER-IDEAPAD5" failures="0" tests="7" name="com.comcast.scm.smokeTest.AdminSmokeTest" time="34.801" errors="0" timestamp="2024-08-14T09:59:01 IST" skipped="0">
  <testcase classname="com.comcast.scm.smokeTest.AdminSmokeTest" name="loginPageValidationTest" time="13.029"/>
  <testcase classname="com.comcast.scm.smokeTest.AdminSmokeTest" name="adminLoginValidationTest" time="8.692"/>
  <testcase classname="com.comcast.scm.smokeTest.AdminSmokeTest" name="adminableToClickOnAddManufacturerTest" time="0.794"/>
  <testcase classname="com.comcast.scm.smokeTest.AdminSmokeTest" name="adminAbleToAddManufacturerSucessfullyTest" time="3.487"/>
  <testcase classname="com.comcast.scm.smokeTest.AdminSmokeTest" name="logOutManufactuerTest" time="4.995"/>
  <testcase classname="com.comcast.scm.smokeTest.AdminSmokeTest" name="adminAddRetailerTest" time="2.154"/>
  <testcase classname="com.comcast.scm.smokeTest.AdminSmokeTest" name="adminAddDistributorTest" time="1.650"/>
</testsuite> <!-- com.comcast.scm.smokeTest.AdminSmokeTest -->
