<?xml version="1.0" encoding="UTF-8"?>
<!-- Generated by org.testng.reporters.JUnitReportReporter -->
<testsuite hostname="MONSTER-IDEAPAD5" failures="0" tests="1" name="com.comcast.scm.FunctionalTest.ManufacturerUserNameTextFiledTest" time="7.737" errors="0" timestamp="2024-08-11T19:48:34 IST" skipped="0">
  <testcase classname="com.comcast.scm.FunctionalTest.ManufacturerUserNameTextFiledTest" name="muserNameHtmlTags" time="7.737"/>
</testsuite> <!-- com.comcast.scm.FunctionalTest.ManufacturerUserNameTextFiledTest -->
