<?xml version="1.0" encoding="UTF-8"?>
<!-- Generated by org.testng.reporters.JUnitReportReporter -->
<testsuite hostname="MONSTER-IDEAPAD5" failures="0" tests="1" name="com.comcast.scm.FunctionalTest.RadioButtonFT" time="5.286" errors="0" timestamp="2024-08-11T23:41:50 IST" skipped="0">
  <testcase classname="com.comcast.scm.FunctionalTest.RadioButtonFT" name="button_IsCheckedTest" time="5.286"/>
</testsuite> <!-- com.comcast.scm.FunctionalTest.RadioButtonFT -->
