<?xml version="1.0" encoding="UTF-8"?>
<!-- Generated by org.testng.reporters.JUnitReportReporter -->
<testsuite hostname="MONSTER-IDEAPAD5" failures="0" tests="1" name="com.comcast.scm.smokeTest.ManufacturerSmokeTest" time="104.486" errors="0" timestamp="2024-08-11T11:30:34 IST" skipped="0">
  <testcase classname="com.comcast.scm.smokeTest.ManufacturerSmokeTest" name="addProduct" time="104.486"/>
</testsuite> <!-- com.comcast.scm.smokeTest.ManufacturerSmokeTest -->
