<?xml version="1.0" encoding="UTF-8"?>
<!-- Generated by org.testng.reporters.JUnitReportReporter -->
<testsuite hostname="MONSTER-IDEAPAD5" failures="0" tests="3" name="com.comcast.scm.smokeTest.RetailerSmokeTest" time="13.834" errors="0" timestamp="2024-08-14T09:59:01 IST" skipped="1">
  <testcase classname="com.comcast.scm.smokeTest.RetailerSmokeTest" name="ratailerLoginTest" time="7.450"/>
  <testcase classname="com.comcast.scm.smokeTest.RetailerSmokeTest" name="retailerAddNewOrderTest" time="6.384"/>
  <testcase classname="com.comcast.scm.smokeTest.RetailerSmokeTest" name="retailerPostNewOrder">
    <skipped/>
  </testcase> <!-- retailerPostNewOrder -->
</testsuite> <!-- com.comcast.scm.smokeTest.RetailerSmokeTest -->
